INFO:root:Production line = L1 | Assigned product = P1
INFO:root:Production line = L1 | Assigned product = P2
INFO:root:Production line = L1 | Assigned product = P3
INFO:root:Production line = L1 | Assigned product = P4
INFO:root:Production line = L1 | Assigned product = P5
INFO:root:Production line = L1 | Assigned product = P6
INFO:root:Production line = L1 | Assigned product = P7
INFO:root:Production line = L1 | Assigned product = P8
INFO:root:Production line = L1 | Assigned product = P9
INFO:root:Production line = L1 | Assigned product = P10
INFO:root:Production line = L1 | Assigned product = P11
INFO:root:Production line = L1 | Assigned product = P12
INFO:root:Production line = L1 | Assigned product = P13
INFO:root:Production line = L1 | Assigned product = P14
INFO:root:Production line = L1 | Assigned product = P15
INFO:root:Production line = L1 | Assigned product = P16
INFO:root:Production line = L1 | Assigned product = P17
INFO:root:Production line = L1 | Assigned product = P18
INFO:root:Production line = L1 | Assigned product = P19
INFO:root:Production line = L1 | Assigned product = P20
INFO:root:Production line = L1 | Assigned product = P21
INFO:root:Production line = L1 | Assigned product = P22
INFO:root:Production line = L1 | Assigned product = P23
INFO:root:Production line = L1 | Assigned product = P24
INFO:root:Production line = L1 | Assigned product = P25
INFO:root:Production line = L1 | Assigned product = P26
INFO:root:Production line = L1 | Assigned product = P27
INFO:root:Production line = L1 | Assigned product = P28
INFO:root:Production line = L1 | Assigned product = P29
INFO:root:Production line = L1 | Assigned product = P30
INFO:root:Production line = L1 | Assigned product = P31
INFO:root:Production line = L1 | Assigned product = P32
INFO:root:Production line = L1 | Assigned product = P33
INFO:root:Production line = L1 | Assigned product = P34
INFO:root:Production line = L1 | Assigned product = P35
INFO:root:Production line = L1 | Assigned product = P36
INFO:root:Production line = L1 | Assigned product = P37
INFO:root:Production line = L1 | Assigned product = P38
INFO:root:Production line = L1 | Assigned product = P39
INFO:root:Production line = L1 | Assigned product = P40
INFO:root:
Time complexity of the algorithm for 40 iterations = 0.001953125 seconds
INFO:root:
Computation time of the scheduling: 0.14083147048950195 seconds
INFO:root:
Objective value: 172601
INFO:root:Production line = L1 | Assigned product = P1
INFO:root:Production line = L1 | Assigned product = P2
INFO:root:Production line = L1 | Assigned product = P3
INFO:root:Production line = L1 | Assigned product = P4
INFO:root:Production line = L1 | Assigned product = P5
INFO:root:Production line = L1 | Assigned product = P6
INFO:root:Production line = L1 | Assigned product = P7
INFO:root:Production line = L1 | Assigned product = P8
INFO:root:Production line = L1 | Assigned product = P9
INFO:root:Production line = L1 | Assigned product = P10
INFO:root:Production line = L1 | Assigned product = P11
INFO:root:Production line = L1 | Assigned product = P12
INFO:root:Production line = L1 | Assigned product = P13
INFO:root:Production line = L1 | Assigned product = P14
INFO:root:Production line = L1 | Assigned product = P15
INFO:root:Production line = L1 | Assigned product = P16
INFO:root:Production line = L1 | Assigned product = P17
INFO:root:Production line = L1 | Assigned product = P18
INFO:root:Production line = L1 | Assigned product = P19
INFO:root:Production line = L1 | Assigned product = P20
INFO:root:Production line = L1 | Assigned product = P21
INFO:root:Production line = L1 | Assigned product = P22
INFO:root:Production line = L1 | Assigned product = P23
INFO:root:Production line = L1 | Assigned product = P24
INFO:root:Production line = L1 | Assigned product = P25
INFO:root:Production line = L1 | Assigned product = P26
INFO:root:Production line = L1 | Assigned product = P27
INFO:root:Production line = L1 | Assigned product = P28
INFO:root:Production line = L1 | Assigned product = P29
INFO:root:Production line = L1 | Assigned product = P30
INFO:root:Production line = L1 | Assigned product = P31
INFO:root:Production line = L1 | Assigned product = P32
INFO:root:Production line = L1 | Assigned product = P33
INFO:root:Production line = L1 | Assigned product = P34
INFO:root:Production line = L1 | Assigned product = P35
INFO:root:Production line = L1 | Assigned product = P36
INFO:root:Production line = L1 | Assigned product = P37
INFO:root:Production line = L1 | Assigned product = P38
INFO:root:Production line = L1 | Assigned product = P39
INFO:root:Production line = L1 | Assigned product = P40
INFO:root:
Time complexity of the algorithm for 40 iterations = 0.0022437453269958498 seconds
INFO:root:Production line = L1 | Assigned product = P1
INFO:root:Production line = L1 | Assigned product = P2
INFO:root:Production line = L1 | Assigned product = P3
INFO:root:Production line = L1 | Assigned product = P4
INFO:root:Production line = L1 | Assigned product = P5
INFO:root:Production line = L1 | Assigned product = P6
INFO:root:Production line = L1 | Assigned product = P7
INFO:root:Production line = L1 | Assigned product = P8
INFO:root:Production line = L1 | Assigned product = P9
INFO:root:Production line = L1 | Assigned product = P10
INFO:root:Production line = L1 | Assigned product = P11
INFO:root:Production line = L1 | Assigned product = P12
INFO:root:Production line = L1 | Assigned product = P13
INFO:root:Production line = L1 | Assigned product = P14
INFO:root:Production line = L1 | Assigned product = P15
INFO:root:Production line = L1 | Assigned product = P16
INFO:root:Production line = L1 | Assigned product = P17
INFO:root:Production line = L1 | Assigned product = P18
INFO:root:Production line = L1 | Assigned product = P19
INFO:root:Production line = L1 | Assigned product = P20
INFO:root:Production line = L1 | Assigned product = P21
INFO:root:Production line = L1 | Assigned product = P22
INFO:root:Production line = L1 | Assigned product = P23
INFO:root:Production line = L1 | Assigned product = P24
INFO:root:Production line = L1 | Assigned product = P25
INFO:root:Production line = L1 | Assigned product = P26
INFO:root:Production line = L1 | Assigned product = P27
INFO:root:Production line = L1 | Assigned product = P28
INFO:root:Production line = L1 | Assigned product = P29
INFO:root:Production line = L1 | Assigned product = P30
INFO:root:Production line = L1 | Assigned product = P31
INFO:root:Production line = L1 | Assigned product = P32
INFO:root:Production line = L1 | Assigned product = P33
INFO:root:Production line = L1 | Assigned product = P34
INFO:root:Production line = L1 | Assigned product = P35
INFO:root:Production line = L1 | Assigned product = P36
INFO:root:Production line = L1 | Assigned product = P37
INFO:root:Production line = L1 | Assigned product = P38
INFO:root:Production line = L1 | Assigned product = P39
INFO:root:Production line = L1 | Assigned product = P40
INFO:root:
Time complexity of the algorithm for 40 iterations = 0.0016536951065063477 seconds
INFO:root:
Computation time of the scheduling: 0.11245942115783691 seconds
INFO:root:
Objective value: 172601
INFO:root:
Time complexity of the algorithm for 40 iterations = 0.04938040971755982 seconds
